2025-11-19 13:57:16 Loading main app package /usr/lib/obsidian/obsidian.asar
2025-11-19 13:57:16 Checking for update using Github
2025-11-19 13:57:16 Success.
2025-11-19 13:57:16 Latest version is 1.10.3
2025-11-19 13:57:16 App is up to date.
2025-11-19 14:57:16 Checking for update using Github
2025-11-19 14:57:16 Success.
2025-11-19 14:57:16 Latest version is 1.10.3
2025-11-19 14:57:16 App is up to date.
2025-11-19 15:57:16 Checking for update using Github
2025-11-19 15:57:16 Success.
2025-11-19 15:57:16 Latest version is 1.10.3
2025-11-19 15:57:16 App is up to date.
2025-11-19 16:57:16 Checking for update using Github
2025-11-19 16:57:16 Success.
2025-11-19 16:57:16 Latest version is 1.10.3
2025-11-19 16:57:16 App is up to date.
2025-11-20 03:07:45 Loading main app package /usr/lib/obsidian/obsidian.asar
2025-11-20 03:07:45 Checking for update using Github
2025-11-20 03:07:49 Loading main app package /usr/lib/obsidian/obsidian.asar
2025-11-20 03:07:49 Checking for update using Github
2025-11-20 03:39:17 Checking for update using Github
2025-11-20 03:39:18 Success.
2025-11-20 03:39:18 Latest version is 1.10.3
2025-11-20 03:39:18 App is up to date.
2025-11-20 07:41:58 Loading main app package /usr/lib/obsidian/obsidian.asar
2025-11-20 07:41:58 Checking for update using Github
2025-11-20 08:16:16 Checking for update using Github
2025-11-20 08:16:17 Success.
2025-11-20 08:16:17 Latest version is 1.10.3
2025-11-20 08:16:17 App is up to date.
2025-11-20 09:16:16 Checking for update using Github
2025-11-20 09:16:16 Success.
2025-11-20 09:16:16 Latest version is 1.10.3
2025-11-20 09:16:16 App is up to date.
2025-11-20 13:20:33 Checking for update using Github
2025-11-20 13:20:34 Success.
2025-11-20 13:20:34 Latest version is 1.10.3
2025-11-20 13:20:34 App is up to date.
2025-11-20 14:40:46 Checking for update using Github
2025-11-20 14:40:46 Success.
2025-11-20 14:40:46 Latest version is 1.10.3
2025-11-20 14:40:46 App is up to date.
2025-11-21 02:36:41 Checking for update using Github
2025-11-21 02:36:41 Success.
2025-11-21 02:36:41 Latest version is 1.10.3
2025-11-21 02:36:41 App is up to date.
2025-11-21 03:36:42 Checking for update using Github
2025-11-21 03:36:43 Success.
2025-11-21 03:36:43 Latest version is 1.10.3
2025-11-21 03:36:43 App is up to date.
2025-11-21 04:10:52 Loading main app package /usr/lib/obsidian/obsidian.asar
2025-11-21 04:10:52 Checking for update using Github
2025-11-21 04:25:49 Loading main app package /usr/lib/obsidian/obsidian.asar
2025-11-21 04:25:49 Checking for update using Github
2025-11-21 04:36:43 Checking for update using Github
2025-11-21 04:36:43 Success.
2025-11-21 04:36:43 Latest version is 1.10.3
2025-11-21 04:36:43 App is up to date.
2025-11-21 05:36:43 Checking for update using Github
2025-11-21 05:36:43 Failed to check for update using Github (net::ERR_NAME_NOT_RESOLVED)
2025-11-21 05:36:43 Checking for update using obsidian.md
2025-11-21 05:36:43 Failed to check for update using obsidian.md (net::ERR_NAME_NOT_RESOLVED)
2025-11-21 06:36:43 Checking for update using Github
2025-11-21 06:36:43 Success.
2025-11-21 06:36:43 Latest version is 1.10.3
2025-11-21 06:36:43 App is up to date.
2025-11-21 07:36:43 Checking for update using Github
2025-11-21 07:36:43 Failed to check for update using Github (net::ERR_INTERNET_DISCONNECTED)
2025-11-21 07:36:43 Checking for update using obsidian.md
2025-11-21 07:36:43 Failed to check for update using obsidian.md (net::ERR_INTERNET_DISCONNECTED)
2025-11-21 11:55:10 Checking for update using Github
2025-11-21 11:55:10 Failed to check for update using Github (net::ERR_INTERNET_DISCONNECTED)
2025-11-21 11:55:10 Checking for update using obsidian.md
2025-11-21 11:55:10 Failed to check for update using obsidian.md (net::ERR_INTERNET_DISCONNECTED)
2025-11-21 13:36:41 Checking for update using Github
2025-11-21 13:36:42 Success.
2025-11-21 13:36:42 Latest version is 1.10.3
2025-11-21 13:36:42 App is up to date.
2025-11-21 14:36:41 Checking for update using Github
2025-11-21 14:36:41 Success.
2025-11-21 14:36:41 Latest version is 1.10.3
2025-11-21 14:36:41 App is up to date.
2025-11-21 15:36:41 Checking for update using Github
2025-11-21 15:36:41 Success.
2025-11-21 15:36:41 Latest version is 1.10.3
2025-11-21 15:36:41 App is up to date.
2025-11-21 16:36:41 Checking for update using Github
2025-11-21 16:36:42 Success.
2025-11-21 16:36:42 Latest version is 1.10.3
2025-11-21 16:36:42 App is up to date.
2025-11-21 17:32:23 Loading main app package /usr/lib/obsidian/obsidian.asar
2025-11-21 17:32:24 Checking for update using Github
2025-11-21 17:32:24 Success.
2025-11-21 17:32:24 Latest version is 1.10.3
2025-11-21 17:32:24 App is up to date.
2025-11-22 02:56:49 Checking for update using Github
2025-11-22 02:56:50 Success.
2025-11-22 02:56:50 Latest version is 1.10.3
2025-11-22 02:56:50 App is up to date.
2025-11-22 04:59:09 Checking for update using Github
2025-11-22 04:59:09 Success.
2025-11-22 04:59:09 Latest version is 1.10.3
2025-11-22 04:59:09 App is up to date.
2025-11-22 05:59:09 Checking for update using Github
2025-11-22 05:59:10 Success.
2025-11-22 05:59:10 Latest version is 1.10.3
2025-11-22 05:59:10 App is up to date.
2025-11-22 11:52:44 Checking for update using Github
2025-11-22 11:52:44 Failed to check for update using Github (net::ERR_INTERNET_DISCONNECTED)
2025-11-22 11:52:44 Checking for update using obsidian.md
2025-11-22 11:52:44 Failed to check for update using obsidian.md (net::ERR_INTERNET_DISCONNECTED)
2025-11-22 12:48:09 Loading main app package /usr/lib/obsidian/obsidian.asar
2025-11-22 12:48:10 Checking for update using Github
2025-11-22 12:48:10 Success.
2025-11-22 12:48:10 Latest version is 1.10.3
2025-11-22 12:48:10 App is up to date.
2025-11-22 13:27:34 Loading main app package /usr/lib/obsidian/obsidian.asar
2025-11-22 13:27:34 Checking for update using Github
2025-11-22 13:27:34 Success.
2025-11-22 13:27:34 Latest version is 1.10.3
2025-11-22 13:27:34 App is up to date.
2025-11-22 14:27:34 Checking for update using Github
2025-11-22 14:27:34 Success.
2025-11-22 14:27:34 Latest version is 1.10.3
2025-11-22 14:27:34 App is up to date.
2025-11-22 15:27:34 Checking for update using Github
2025-11-22 15:27:34 Success.
2025-11-22 15:27:34 Latest version is 1.10.3
2025-11-22 15:27:34 App is up to date.
2025-11-23 01:50:10 Checking for update using Github
2025-11-23 01:50:10 Failed to check for update using Github (net::ERR_INTERNET_DISCONNECTED)
2025-11-23 01:50:10 Checking for update using obsidian.md
2025-11-23 01:50:10 Failed to check for update using obsidian.md (net::ERR_INTERNET_DISCONNECTED)
2025-11-23 02:50:10 Checking for update using Github
2025-11-23 02:50:10 Success.
2025-11-23 02:50:10 Latest version is 1.10.3
2025-11-23 02:50:10 App is up to date.
2025-11-23 07:38:57 Checking for update using Github
2025-11-23 07:38:57 Success.
2025-11-23 07:38:57 Latest version is 1.10.3
2025-11-23 07:38:57 App is up to date.
2025-11-23 10:38:14 Checking for update using Github
2025-11-23 10:38:14 Success.
2025-11-23 10:38:14 Latest version is 1.10.3
2025-11-23 10:38:14 App is up to date.
2025-11-23 11:38:14 Checking for update using Github
2025-11-23 11:38:14 Success.
2025-11-23 11:38:14 Latest version is 1.10.3
2025-11-23 11:38:14 App is up to date.
2025-11-23 13:16:38 Loading main app package /usr/lib/obsidian/obsidian.asar
2025-11-23 13:16:38 Checking for update using Github
2025-11-23 13:25:42 Checking for update using Github
2025-11-23 13:25:42 Success.
2025-11-23 13:25:42 Latest version is 1.10.3
2025-11-23 13:25:42 App is up to date.
2025-11-23 13:35:54 Loading main app package /usr/lib/obsidian/obsidian.asar
2025-11-23 13:35:54 Checking for update using Github
2025-11-23 13:35:54 Success.
2025-11-23 13:35:54 Latest version is 1.10.3
2025-11-23 13:35:54 App is up to date.
2025-11-23 13:43:27 Loading main app package /usr/lib/obsidian/obsidian.asar
2025-11-23 13:43:27 Checking for update using Github
2025-11-23 13:43:27 Success.
2025-11-23 13:43:27 Latest version is 1.10.3
2025-11-23 13:43:27 App is up to date.
2025-11-23 14:43:27 Checking for update using Github
2025-11-23 14:43:27 Success.
2025-11-23 14:43:27 Latest version is 1.10.3
2025-11-23 14:43:27 App is up to date.
2025-11-24 01:32:42 Checking for update using Github
2025-11-24 01:32:42 Success.
2025-11-24 01:32:42 Latest version is 1.10.3
2025-11-24 01:32:42 App is up to date.
2025-11-24 04:15:10 Checking for update using Github
2025-11-24 04:15:10 Success.
2025-11-24 04:15:10 Latest version is 1.10.3
2025-11-24 04:15:10 App is up to date.
2025-11-24 12:55:30 Checking for update using Github
2025-11-24 12:55:30 Success.
2025-11-24 12:55:30 Latest version is 1.10.3
2025-11-24 12:55:30 App is up to date.
2025-11-25 01:27:38 Checking for update using Github
2025-11-25 01:27:38 Success.
2025-11-25 01:27:38 Latest version is 1.10.3
2025-11-25 01:27:38 App is up to date.
2025-11-25 02:27:40 Checking for update using Github
2025-11-25 02:27:40 Success.
2025-11-25 02:27:40 Latest version is 1.10.3
2025-11-25 02:27:40 App is up to date.
2025-11-25 03:27:40 Checking for update using Github
2025-11-25 03:27:40 Failed to check for update using Github (net::ERR_INTERNET_DISCONNECTED)
2025-11-25 03:27:40 Checking for update using obsidian.md
2025-11-25 03:27:40 Failed to check for update using obsidian.md (net::ERR_INTERNET_DISCONNECTED)
2025-11-25 04:27:40 Checking for update using Github
2025-11-25 04:27:40 Success.
2025-11-25 04:27:40 Latest version is 1.10.3
2025-11-25 04:27:40 App is up to date.
2025-11-25 05:27:40 Checking for update using Github
2025-11-25 05:27:40 Success.
2025-11-25 05:27:40 Latest version is 1.10.3
2025-11-25 05:27:40 App is up to date.
2025-11-25 06:51:13 Checking for update using Github
2025-11-25 06:51:14 Success.
2025-11-25 06:51:14 Latest version is 1.10.3
2025-11-25 06:51:14 App is up to date.
2025-11-25 12:59:52 Checking for update using Github
2025-11-25 12:59:52 Success.
2025-11-25 12:59:52 Latest version is 1.10.3
2025-11-25 12:59:52 App is up to date.
2025-11-25 14:46:45 Checking for update using Github
2025-11-25 14:46:45 Success.
2025-11-25 14:46:45 Latest version is 1.10.3
2025-11-25 14:46:45 App is up to date.
2025-12-10 16:14:45 Loading main app package /usr/lib/obsidian/obsidian.asar
2025-12-10 16:14:46 Checking for update using Github
2025-12-10 16:14:46 Success.
2025-12-10 16:14:46 Latest version is 1.10.6
2025-12-10 16:14:46 App is up to date.
2025-12-11 05:13:58 Loading main app package /usr/lib/obsidian/obsidian.asar
2025-12-11 05:13:58 Checking for update using Github
2025-12-11 05:13:59 Success.
2025-12-11 05:13:59 Latest version is 1.10.6
2025-12-11 05:13:59 App is up to date.
2025-12-11 08:39:34 Checking for update using Github
2025-12-11 08:39:34 Success.
2025-12-11 08:39:34 Latest version is 1.10.6
2025-12-11 08:39:34 App is up to date.
2025-12-11 09:39:34 Checking for update using Github
2025-12-11 09:39:34 Success.
2025-12-11 09:39:34 Latest version is 1.10.6
2025-12-11 09:39:34 App is up to date.
2025-12-11 10:39:34 Checking for update using Github
2025-12-11 10:39:34 Success.
2025-12-11 10:39:34 Latest version is 1.10.6
2025-12-11 10:39:34 App is up to date.
2025-12-11 14:46:08 Checking for update using Github
2025-12-11 14:46:08 Success.
2025-12-11 14:46:08 Latest version is 1.10.6
2025-12-11 14:46:08 App is up to date.
2025-12-12 02:57:50 Checking for update using Github
2025-12-12 02:57:51 Success.
2025-12-12 02:57:51 Latest version is 1.10.6
2025-12-12 02:57:51 App is up to date.
2025-12-12 03:57:50 Checking for update using Github
2025-12-12 03:57:51 Success.
2025-12-12 03:57:51 Latest version is 1.10.6
2025-12-12 03:57:51 App is up to date.
2025-12-12 04:57:50 Checking for update using Github
2025-12-12 04:57:51 Success.
2025-12-12 04:57:51 Latest version is 1.10.6
2025-12-12 04:57:51 App is up to date.
2025-12-12 08:01:53 Checking for update using Github
2025-12-12 08:01:54 Success.
2025-12-12 08:01:54 Latest version is 1.10.6
2025-12-12 08:01:54 App is up to date.
2025-12-12 13:31:24 Loading main app package /usr/lib/obsidian/obsidian.asar
2025-12-12 13:31:24 Checking for update using Github
2025-12-12 13:31:24 Success.
2025-12-12 13:31:24 Latest version is 1.10.6
2025-12-12 13:31:24 App is up to date.
2025-12-21 12:52:34 Loading main app package /usr/lib/obsidian/obsidian.asar
2025-12-21 12:52:35 Checking for update using Github
2025-12-21 12:52:35 Success.
2025-12-21 12:52:35 Latest version is 1.10.6
2025-12-21 12:52:35 App is up to date.
2025-12-21 12:53:57 Loading main app package /usr/lib/obsidian/obsidian.asar
2025-12-21 12:53:58 Checking for update using Github
2025-12-21 12:53:58 Success.
2025-12-21 12:53:58 Latest version is 1.10.6
2025-12-21 12:53:58 App is up to date.
2025-12-22 14:27:26 Loading main app package /usr/lib/obsidian/obsidian.asar
2025-12-22 14:27:26 Checking for update using Github
2025-12-22 14:27:26 Success.
2025-12-22 14:27:26 Latest version is 1.10.6
2025-12-22 14:27:26 App is up to date.
2026-01-11 02:24:41 Loading main app package /usr/lib/obsidian/obsidian.asar
2026-01-11 02:24:42 Checking for update using Github
2026-01-11 02:24:42 Failed to check for update using Github (net::ERR_INTERNET_DISCONNECTED)
2026-01-11 02:24:42 Checking for update using obsidian.md
2026-01-11 02:24:42 Failed to check for update using obsidian.md (net::ERR_INTERNET_DISCONNECTED)
2026-01-11 02:24:51 Loading main app package /usr/lib/obsidian/obsidian.asar
2026-01-11 02:24:51 Checking for update using Github
2026-01-11 03:09:58 Loading main app package /usr/lib/obsidian/obsidian.asar
2026-01-11 03:09:58 Checking for update using Github
2026-01-11 03:10:05 Loading main app package /usr/lib/obsidian/obsidian.asar
2026-01-11 03:10:05 Checking for update using Github
2026-01-11 03:10:33 Loading main app package /usr/lib/obsidian/obsidian.asar
2026-01-11 03:10:33 Checking for update using Github
2026-01-11 03:10:41 Loading main app package /usr/lib/obsidian/obsidian.asar
2026-01-11 03:10:41 Checking for update using Github
2026-01-11 03:14:21 Loading main app package /usr/lib/obsidian/obsidian.asar
2026-01-11 03:14:22 Checking for update using Github
2026-01-11 03:14:22 Success.
2026-01-11 03:14:22 Latest version is 1.10.6
2026-01-11 03:14:22 App is up to date.
2026-01-11 03:14:55 Loading main app package /usr/lib/obsidian/obsidian.asar
2026-01-11 03:14:55 Checking for update using Github
2026-01-11 03:24:22 Checking for update using Github
2026-01-11 03:24:22 Success.
2026-01-11 03:24:22 Latest version is 1.10.6
2026-01-11 03:24:22 App is up to date.
